<?xml version="1.0" encoding="UTF-8"?>
<!-- Generated by org.testng.reporters.JUnitReportReporter -->
<testsuite hostname="Soundarya" failures="0" tests="1" name="loginTestCase.Correct_Username" time="5.978" errors="0" timestamp="2024-01-28T20:19:28 IST" skipped="0">
  <testcase classname="loginTestCase.Correct_Username" name="loginWithCorrectUsername" time="5.978"/>
</testsuite> <!-- loginTestCase.Correct_Username -->
