<?xml version="1.0" encoding="UTF-8"?>
<!-- Generated by org.testng.reporters.JUnitReportReporter -->
<testsuite hostname="Soundarya" failures="0" tests="4" name="data_Provider.Login" time="22.086" errors="0" timestamp="2024-02-03T12:05:48 IST" skipped="0">
  <testcase classname="data_Provider.Login" name="LoginData" time="5.445"/>
  <testcase classname="data_Provider.Login" name="LoginData" time="5.160"/>
  <testcase classname="data_Provider.Login" name="LoginData" time="6.010"/>
  <testcase classname="data_Provider.Login" name="LoginData" time="5.471"/>
</testsuite> <!-- data_Provider.Login -->
