<?xml version="1.0" encoding="UTF-8"?>
<!-- Generated by org.testng.reporters.JUnitReportReporter -->
<testsuite hostname="Soundarya" failures="0" tests="1" name="loginTestCase.Correct_Password" time="5.080" errors="0" timestamp="2024-01-28T20:19:28 IST" skipped="0">
  <testcase classname="loginTestCase.Correct_Password" name="loginWithCorrectPassword" time="5.080"/>
</testsuite> <!-- loginTestCase.Correct_Password -->
