<?xml version="1.0" encoding="UTF-8"?>
<!-- Generated by org.testng.reporters.JUnitReportReporter -->
<testsuite hostname="Soundarya" failures="0" tests="4" name="data_Provider.Login_Excel" time="13.209" errors="0" timestamp="2024-02-03T12:10:39 IST" skipped="0">
  <testcase classname="data_Provider.Login_Excel" name="loginData" time="2.851"/>
  <testcase classname="data_Provider.Login_Excel" name="loginData" time="3.065"/>
  <testcase classname="data_Provider.Login_Excel" name="loginData" time="2.829"/>
  <testcase classname="data_Provider.Login_Excel" name="loginData" time="4.464"/>
</testsuite> <!-- data_Provider.Login_Excel -->
