<?xml version="1.0" encoding="UTF-8"?>
<!-- Generated by org.testng.reporters.JUnitReportReporter -->
<testsuite hostname="Soundarya" failures="0" tests="1" name="loginTestCase.Both_Incorrect" time="5.183" errors="0" timestamp="2024-01-28T20:19:28 IST" skipped="0">
  <testcase classname="loginTestCase.Both_Incorrect" name="loginWithBothInCorrect" time="5.183"/>
</testsuite> <!-- loginTestCase.Both_Incorrect -->
